# JRE version: Java(TM) SE Runtime Environment (8.0_101-b13) (build 1.8.0_101-b13)
# Java VM: Java HotSpot(TM) 64-Bit Server VM (25.101-b13 mixed mode windows-amd64 compressed oops)
Heap:
 PSYoungGen      total 301056K, used 272615K [0x00000000e0000000, 0x00000000f4d00000, 0x0000000100000000)
  eden space 275456K, 93% used [0x00000000e0000000,0x00000000efa4a2c8,0x00000000f0d00000)
  from space 25600K, 63% used [0x00000000f0d00000,0x00000000f1cefb98,0x00000000f2600000)
  to   space 22528K, 0% used [0x00000000f2600000,0x00000000f2600000,0x00000000f3c00000)
 ParOldGen       total 116736K, used 84024K [0x00000000a0000000, 0x00000000a7200000, 0x00000000e0000000)
  object space 116736K, 71% used [0x00000000a0000000,0x00000000a520e2d8,0x00000000a7200000)
 Metaspace       used 79954K, capacity 83768K, committed 83968K, reserved 1122304K
  class space    used 10676K, capacity 11485K, committed 11520K, reserved 1048576K
GC Heap History (10 events):
Event: 16.151 GC heap before
{Heap before GC invocations=14 (full 2):
 PSYoungGen      total 196608K, used 191536K [0x00000000e0000000, 0x00000000ef900000, 0x0000000100000000)
  eden space 180224K, 99% used [0x00000000e0000000,0x00000000eaf767b8,0x00000000eb000000)
  from space 16384K, 72% used [0x00000000eb000000,0x00000000ebb95bd0,0x00000000ec000000)
  to   space 16896K, 0% used [0x00000000ee880000,0x00000000ee880000,0x00000000ef900000)
 ParOldGen       total 75264K, used 30977K [0x00000000a0000000, 0x00000000a4980000, 0x00000000e0000000)
  object space 75264K, 41% used [0x00000000a0000000,0x00000000a1e40520,0x00000000a4980000)
 Metaspace       used 57097K, capacity 58870K, committed 59136K, reserved 1099776K
  class space    used 7727K, capacity 8164K, committed 8192K, reserved 1048576K
Event: 16.162 GC heap after
Heap after GC invocations=14 (full 2):
 PSYoungGen      total 238592K, used 7401K [0x00000000e0000000, 0x00000000f0580000, 0x0000000100000000)
  eden space 221696K, 0% used [0x00000000e0000000,0x00000000e0000000,0x00000000ed880000)
  from space 16896K, 43% used [0x00000000ee880000,0x00000000eefba510,0x00000000ef900000)
  to   space 16384K, 0% used [0x00000000ed880000,0x00000000ed880000,0x00000000ee880000)
 ParOldGen       total 75264K, used 38016K [0x00000000a0000000, 0x00000000a4980000, 0x00000000e0000000)
  object space 75264K, 50% used [0x00000000a0000000,0x00000000a2520188,0x00000000a4980000)
 Metaspace       used 57097K, capacity 58870K, committed 59136K, reserved 1099776K
  class space    used 7727K, capacity 8164K, committed 8192K, reserved 1048576K
}
Event: 16.162 GC heap before
{Heap before GC invocations=15 (full 3):
 PSYoungGen      total 238592K, used 7401K [0x00000000e0000000, 0x00000000f0580000, 0x0000000100000000)
  eden space 221696K, 0% used [0x00000000e0000000,0x00000000e0000000,0x00000000ed880000)
  from space 16896K, 43% used [0x00000000ee880000,0x00000000eefba510,0x00000000ef900000)
  to   space 16384K, 0% used [0x00000000ed880000,0x00000000ed880000,0x00000000ee880000)
 ParOldGen       total 75264K, used 38016K [0x00000000a0000000, 0x00000000a4980000, 0x00000000e0000000)
  object space 75264K, 50% used [0x00000000a0000000,0x00000000a2520188,0x00000000a4980000)
 Metaspace       used 57097K, capacity 58870K, committed 59136K, reserved 1099776K
  class space    used 7727K, capacity 8164K, committed 8192K, reserved 1048576K
Event: 16.334 GC heap after
Heap after GC invocations=15 (full 3):
 PSYoungGen      total 238592K, used 0K [0x00000000e0000000, 0x00000000f0580000, 0x0000000100000000)
  eden space 221696K, 0% used [0x00000000e0000000,0x00000000e0000000,0x00000000ed880000)
  from space 16896K, 0% used [0x00000000ee880000,0x00000000ee880000,0x00000000ef900000)
  to   space 16384K, 0% used [0x00000000ed880000,0x00000000ed880000,0x00000000ee880000)
 ParOldGen       total 116736K, used 38930K [0x00000000a0000000, 0x00000000a7200000, 0x00000000e0000000)
  object space 116736K, 33% used [0x00000000a0000000,0x00000000a2604830,0x00000000a7200000)
 Metaspace       used 57097K, capacity 58870K, committed 59136K, reserved 1099776K
  class space    used 7727K, capacity 8164K, committed 8192K, reserved 1048576K
}
Event: 19.563 GC heap before
{Heap before GC invocations=16 (full 3):
 PSYoungGen      total 238592K, used 221696K [0x00000000e0000000, 0x00000000f0580000, 0x0000000100000000)
  eden space 221696K, 100% used [0x00000000e0000000,0x00000000ed880000,0x00000000ed880000)
  from space 16896K, 0% used [0x00000000ee880000,0x00000000ee880000,0x00000000ef900000)
  to   space 16384K, 0% used [0x00000000ed880000,0x00000000ed880000,0x00000000ee880000)
 ParOldGen       total 116736K, used 38930K [0x00000000a0000000, 0x00000000a7200000, 0x00000000e0000000)
  object space 116736K, 33% used [0x00000000a0000000,0x00000000a2604830,0x00000000a7200000)
 Metaspace       used 64544K, capacity 67198K, committed 67456K, reserved 1107968K
  class space    used 8859K, capacity 9522K, committed 9600K, reserved 1048576K
Event: 19.601 GC heap after
Heap after GC invocations=16 (full 3):
 PSYoungGen      total 238080K, used 16384K [0x00000000e0000000, 0x00000000f3c00000, 0x0000000100000000)
  eden space 221696K, 0% used [0x00000000e0000000,0x00000000e0000000,0x00000000ed880000)
  from space 16384K, 100% used [0x00000000ed880000,0x00000000ee880000,0x00000000ee880000)
  to   space 22528K, 0% used [0x00000000f2600000,0x00000000f2600000,0x00000000f3c00000)
 ParOldGen       total 116736K, used 50229K [0x00000000a0000000, 0x00000000a7200000, 0x00000000e0000000)
  object space 116736K, 43% used [0x00000000a0000000,0x00000000a310d538,0x00000000a7200000)
 Metaspace       used 64544K, capacity 67198K, committed 67456K, reserved 1107968K
  class space    used 8859K, capacity 9522K, committed 9600K, reserved 1048576K
}
Event: 23.733 GC heap before
{Heap before GC invocations=17 (full 3):
 PSYoungGen      total 238080K, used 238080K [0x00000000e0000000, 0x00000000f3c00000, 0x0000000100000000)
  eden space 221696K, 100% used [0x00000000e0000000,0x00000000ed880000,0x00000000ed880000)
  from space 16384K, 100% used [0x00000000ed880000,0x00000000ee880000,0x00000000ee880000)
  to   space 22528K, 0% used [0x00000000f2600000,0x00000000f2600000,0x00000000f3c00000)
 ParOldGen       total 116736K, used 50229K [0x00000000a0000000, 0x00000000a7200000, 0x00000000e0000000)
  object space 116736K, 43% used [0x00000000a0000000,0x00000000a310d538,0x00000000a7200000)
 Metaspace       used 70398K, capacity 73198K, committed 73344K, reserved 1112064K
  class space    used 9575K, capacity 10284K, committed 10368K, reserved 1048576K
Event: 23.908 GC heap after
Heap after GC invocations=17 (full 3):
 PSYoungGen      total 297984K, used 21698K [0x00000000e0000000, 0x00000000f4d00000, 0x0000000100000000)
  eden space 275456K, 0% used [0x00000000e0000000,0x00000000e0000000,0x00000000f0d00000)
  from space 22528K, 96% used [0x00000000f2600000,0x00000000f3b30aa8,0x00000000f3c00000)
  to   space 25600K, 0% used [0x00000000f0d00000,0x00000000f0d00000,0x00000000f2600000)
 ParOldGen       total 116736K, used 66701K [0x00000000a0000000, 0x00000000a7200000, 0x00000000e0000000)
  object space 116736K, 57% used [0x00000000a0000000,0x00000000a41235f8,0x00000000a7200000)
 Metaspace       used 70398K, capacity 73198K, committed 73344K, reserved 1112064K
  class space    used 9575K, capacity 10284K, committed 10368K, reserved 1048576K
}
Event: 27.524 GC heap before
{Heap before GC invocations=18 (full 3):
 PSYoungGen      total 297984K, used 297154K [0x00000000e0000000, 0x00000000f4d00000, 0x0000000100000000)
  eden space 275456K, 100% used [0x00000000e0000000,0x00000000f0d00000,0x00000000f0d00000)
  from space 22528K, 96% used [0x00000000f2600000,0x00000000f3b30aa8,0x00000000f3c00000)
  to   space 25600K, 0% used [0x00000000f0d00000,0x00000000f0d00000,0x00000000f2600000)
 ParOldGen       total 116736K, used 66701K [0x00000000a0000000, 0x00000000a7200000, 0x00000000e0000000)
  object space 116736K, 57% used [0x00000000a0000000,0x00000000a41235f8,0x00000000a7200000)
 Metaspace       used 76593K, capacity 79768K, committed 80000K, reserved 1118208K
  class space    used 10370K, capacity 11101K, committed 11136K, reserved 1048576K
Event: 27.571 GC heap after
Heap after GC invocations=18 (full 3):
 PSYoungGen      total 301056K, used 16318K [0x00000000e0000000, 0x00000000f4d00000, 0x0000000100000000)
  eden space 275456K, 0% used [0x00000000e0000000,0x00000000e0000000,0x00000000f0d00000)
  from space 25600K, 63% used [0x00000000f0d00000,0x00000000f1cefb98,0x00000000f2600000)
  to   space 22528K, 0% used [0x00000000f2600000,0x00000000f2600000,0x00000000f3c00000)
 ParOldGen       total 116736K, used 84024K [0x00000000a0000000, 0x00000000a7200000, 0x00000000e0000000)
  object space 116736K, 71% used [0x00000000a0000000,0x00000000a520e2d8,0x00000000a7200000)
 Metaspace       used 76593K, capacity 79768K, committed 80000K, reserved 1118208K
  class space    used 10370K, capacity 11101K, committed 11136K, reserved 1048576K
}

